\BOOKMARK [0][-]{chapter.1}{\376\377\000I\000n\000t\000r\000o\000d\000u\000k\000s\000j\000o\000n}{}% 1
\BOOKMARK [1][-]{section.1.1}{\376\377\000B\000a\000k\000g\000r\000u\000n\000n\000s\000i\000n\000f\000o\000r\000m\000a\000s\000j\000o\000n}{chapter.1}% 2
\BOOKMARK [1][-]{section.1.2}{\376\377\000O\000p\000p\000b\000y\000g\000n\000i\000n\000g\000\040\000a\000v\000\040\000k\000o\000m\000p\000e\000n\000d\000i\000e\000t}{chapter.1}% 3
\BOOKMARK [0][-]{chapter.2}{\376\377\000A\000n\000a\000l\000o\000g\000e\000\040\000k\000o\000m\000p\000o\000n\000e\000n\000t\000e\000r}{}% 4
\BOOKMARK [1][-]{section.2.1}{\376\377\000D\000i\000o\000d\000e\000r}{chapter.2}% 5
\BOOKMARK [2][-]{subsection.2.1.1}{\376\377\000L\000y\000s\000d\000i\000o\000d\000e\000r\000\040\000-\000\040\000L\000E\000D}{section.2.1}% 6
\BOOKMARK [2][-]{subsection.2.1.2}{\376\377\000O\000p\000p\000g\000a\000v\000e\000r}{section.2.1}% 7
\BOOKMARK [2][-]{subsection.2.1.3}{\376\377\000L\000\370\000s\000n\000i\000n\000g\000s\000f\000o\000r\000s\000l\000a\000g}{section.2.1}% 8
\BOOKMARK [1][-]{section.2.2}{\376\377\000T\000y\000r\000i\000s\000t\000o\000r\000,\000\040\000t\000r\000i\000a\000c\000\040\000o\000g\000\040\000d\000i\000a\000c}{chapter.2}% 9
\BOOKMARK [2][-]{subsection.2.2.1}{\376\377\000O\000p\000p\000g\000a\000v\000e\000r}{section.2.2}% 10
\BOOKMARK [2][-]{subsection.2.2.2}{\376\377\000L\000\370\000s\000n\000i\000n\000g\000s\000f\000o\000r\000s\000l\000a\000g}{section.2.2}% 11
\BOOKMARK [1][-]{section.2.3}{\376\377\000T\000r\000a\000n\000s\000i\000s\000t\000o\000r\000\040\000-\000\040\000B\000J\000T}{chapter.2}% 12
\BOOKMARK [2][-]{subsection.2.3.1}{\376\377\000O\000p\000p\000g\000a\000v\000e\000r}{section.2.3}% 13
\BOOKMARK [2][-]{subsection.2.3.2}{\376\377\000L\000\370\000s\000n\000i\000n\000g\000s\000f\000o\000r\000s\000l\000a\000g}{section.2.3}% 14
\BOOKMARK [1][-]{section.2.4}{\376\377\000F\000o\000r\000s\000t\000e\000r\000k\000n\000i\000n\000g}{chapter.2}% 15
\BOOKMARK [2][-]{subsection.2.4.1}{\376\377\000O\000p\000p\000g\000a\000v\000e\000r}{section.2.4}% 16
\BOOKMARK [2][-]{subsection.2.4.2}{\376\377\000L\000\370\000s\000n\000i\000n\000g\000s\000f\000o\000r\000s\000l\000a\000g}{section.2.4}% 17
\BOOKMARK [1][-]{section.2.5}{\376\377\000O\000p\000e\000r\000a\000s\000j\000o\000n\000s\000f\000o\000r\000s\000t\000e\000r\000k\000e\000r}{chapter.2}% 18
\BOOKMARK [2][-]{subsection.2.5.1}{\376\377\000O\000p\000p\000g\000a\000v\000e\000r}{section.2.5}% 19
\BOOKMARK [2][-]{subsection.2.5.2}{\376\377\000L\000\370\000s\000n\000i\000n\000g\000s\000f\000o\000r\000s\000l\000a\000g}{section.2.5}% 20
\BOOKMARK [0][-]{chapter.3}{\376\377\000M\000\345\000l\000e\000t\000e\000k\000n\000i\000k\000k}{}% 21
\BOOKMARK [1][-]{section.3.1}{\376\377\000M\000\345\000l\000e\000u\000s\000i\000k\000k\000e\000r\000h\000e\000t}{chapter.3}% 22
\BOOKMARK [2][-]{subsection.3.1.1}{\376\377\000A\000b\000s\000o\000l\000u\000t\000t\000\040\000U\000s\000i\000k\000k\000e\000r\000h\000e\000t}{section.3.1}% 23
\BOOKMARK [2][-]{subsection.3.1.2}{\376\377\000R\000e\000l\000a\000t\000i\000v\000\040\000U\000s\000i\000k\000k\000e\000r\000h\000e\000t}{section.3.1}% 24
\BOOKMARK [1][-]{section.3.2}{\376\377\000O\000p\000p\000g\000a\000v\000e\000r}{chapter.3}% 25
\BOOKMARK [1][-]{section.3.3}{\376\377\000L\000\370\000s\000n\000i\000n\000g\000s\000f\000o\000r\000s\000l\000a\000g}{chapter.3}% 26
\BOOKMARK [0][-]{chapter.4}{\376\377\000R\000e\000f\000e\000r\000a\000n\000s\000e\000r}{}% 27
\BOOKMARK [0][-]{appendix.A}{\376\377\000L\000E\000D\000\040\000D\000a\000t\000a\000s\000h\000e\000e\000t}{}% 28
\BOOKMARK [0][-]{appendix.B}{\376\377\000O\000p\000A\000m\000p\000\040\000-\000\040\000T\000L\0000\0008\000x\000x}{}% 29
